<?xml version="1.0" encoding="UTF-8"?>
<!-- Generated by org.testng.reporters.JUnitReportReporter -->
<testsuite skipped="0" hostname="LAPTOP-9L7LH891" name="launch.employee" tests="3" failures="0" timestamp="13 Nov 2019 05:17:09 GMT" time="0.086" errors="0">
  <testcase name="atest" time="0.065" classname="launch.employee"/>
  <testcase name="btest" time="0.011" classname="launch.employee"/>
  <testcase name="ctest" time="0.010" classname="launch.employee"/>
</testsuite> <!-- launch.employee -->
