<?xml version="1.0" encoding="UTF-8"?>
<!-- Generated by org.testng.reporters.JUnitReportReporter -->
<testsuite skipped="0" hostname="LAPTOP-9L7LH891" name="launch.MainClass" tests="3" failures="0" timestamp="21 Nov 2019 14:52:02 GMT" time="1.531" errors="0">
  <testcase name="test1" time="0.332" classname="launch.MainClass"/>
  <testcase name="test2" time="0.161" classname="launch.MainClass"/>
  <testcase name="test3" time="1.038" classname="launch.MainClass"/>
</testsuite> <!-- launch.MainClass -->
