<?xml version="1.0" encoding="UTF-8"?>
<!-- Generated by org.testng.reporters.JUnitReportReporter -->
<testsuite skipped="0" hostname="LAPTOP-9L7LH891" name="launch.student" tests="3" failures="0" timestamp="13 Nov 2019 07:10:04 GMT" time="0.068" errors="0">
  <testcase name="aatest" time="0.035" classname="launch.student"/>
  <testcase name="bbtest" time="0.004" classname="launch.student"/>
  <testcase name="cctest" time="0.029" classname="launch.student"/>
</testsuite> <!-- launch.student -->
